06/07/2022 11:55:58	This log contains information about the import schema operation into project 'QLTV' on computer 'MYACER' by user 'ACER'.
06/07/2022 11:55:58	Import of database schema has started.
06/07/2022 11:56:02	Gathering database options
06/07/2022 11:56:02	Gathering users
06/07/2022 11:56:02	Gathering roles
06/07/2022 11:56:02	Gathering application roles
06/07/2022 11:56:02	Gathering role memberships
06/07/2022 11:56:02	Gathering filegroups
06/07/2022 11:56:02	Gathering full-text catalogs
06/07/2022 11:56:02	Gathering assemblies
06/07/2022 11:56:02	Gathering certificates
06/07/2022 11:56:02	Gathering asymmetric keys
06/07/2022 11:56:02	Gathering symmetric keys
06/07/2022 11:56:02	Gathering encrypted symmetric keys
06/07/2022 11:56:02	Gathering schemas
06/07/2022 11:56:02	Gathering XML schema collections
06/07/2022 11:56:02	Gathering user-defined data types
06/07/2022 11:56:02	Gathering user-defined types
06/07/2022 11:56:02	Gathering table types
06/07/2022 11:56:02	Gathering unique keys for table types
06/07/2022 11:56:02	Gathering primary keys for table types
06/07/2022 11:56:02	Gathering check constraints for table types
06/07/2022 11:56:02	Gathering default constraints for table types
06/07/2022 11:56:02	Gathering partition functions
06/07/2022 11:56:02	Gathering partition schemes
06/07/2022 11:56:02	Gathering functions
06/07/2022 11:56:02	Gathering encrypted functions
06/07/2022 11:56:02	Gathering aggregates
06/07/2022 11:56:02	Gathering procedures
06/07/2022 11:56:02	Gathering encrypted procedures
06/07/2022 11:56:02	Gathering tables
06/07/2022 11:56:03	Gathering primary keys
06/07/2022 11:56:03	Gathering unique constraints
06/07/2022 11:56:03	Gathering foreign keys
06/07/2022 11:56:03	Gathering default constraints
06/07/2022 11:56:03	Gathering check constraints
06/07/2022 11:56:03	Gathering views
06/07/2022 11:56:03	Gathering encrypted views
06/07/2022 11:56:03	Gathering indexes
06/07/2022 11:56:03	Gathering statistics
06/07/2022 11:56:03	Gathering full-text index stoplists
06/07/2022 11:56:03	Gathering search property lists
06/07/2022 11:56:03	Gathering search properties
06/07/2022 11:56:03	Gathering full-text indexes
06/07/2022 11:56:03	Gathering column store indexes
06/07/2022 11:56:03	Gathering spatial indexes
06/07/2022 11:56:03	Gathering XML indexes
06/07/2022 11:56:03	Gathering Selective XML indexes
06/07/2022 11:56:03	Gathering encrypted triggers
06/07/2022 11:56:03	Gathering triggers
06/07/2022 11:56:03	Gathering encrypted and clr ddl triggers
06/07/2022 11:56:03	Gathering ddl triggers
06/07/2022 11:56:03	Gathering synonyms
06/07/2022 11:56:03	Gathering defaults
06/07/2022 11:56:03	Gathering data constraint uddt bindings
06/07/2022 11:56:03	Gathering rules
06/07/2022 11:56:03	Gathering data constraint uddt bindings
06/07/2022 11:56:03	Gathering message types
06/07/2022 11:56:03	Gathering queues
06/07/2022 11:56:03	Gathering contracts
06/07/2022 11:56:03	Gathering services
06/07/2022 11:56:03	Gathering event notifications
06/07/2022 11:56:03	Gathering remote service bindings
06/07/2022 11:56:03	Gathering broker priorities
06/07/2022 11:56:03	Gathering signatures
06/07/2022 11:56:03	Gathering data compression options
06/07/2022 11:56:03	Gathering sequence types
06/07/2022 11:56:03	Gathering database permissions
06/07/2022 11:56:03	Gathering extended properties
06/07/2022 11:56:03	Gathering credentials
06/07/2022 11:56:03	Gathering logins
06/07/2022 11:56:03	Gathering server audits
06/07/2022 11:56:04	Scanning project for duplicate elements
06/07/2022 11:56:05	Finished duplicate element processing
06/07/2022 11:56:05	Finished importing database.
06/07/2022 11:56:05	A summary of the import was saved to the following location: E:\GitHub\DoAn\PM_QuanLyThuVien\FileSourceCode\CodeProject\QLTV\Import Schema Logs\QLTV_20220706045558.log
06/07/2022 11:56:05	Click Finish to continue...
